/home/almr16/miniconda3/envs/cs236781-hw/lib/python3.8/site-packages/sklearn/linear_model/_logistic.py:763: ConvergenceWarning: lbfgs failed to converge (status=1):
STOP: TOTAL NO. of ITERATIONS REACHED LIMIT.

Increase the number of iterations (max_iter) or scale the data as shown in:
    https://scikit-learn.org/stable/modules/preprocessing.html
Please also refer to the documentation for alternative solver options:
    https://scikit-learn.org/stable/modules/linear_model.html#logistic-regression
  n_iter_i = _check_optimize_result(
/home/almr16/miniconda3/envs/cs236781-hw/lib/python3.8/site-packages/numpy/core/fromnumeric.py:3419: RuntimeWarning: Mean of empty slice.
  return _methods._mean(a, axis=axis, dtype=dtype,
/home/almr16/miniconda3/envs/cs236781-hw/lib/python3.8/site-packages/numpy/core/_methods.py:188: RuntimeWarning: invalid value encountered in double_scalars
  ret = ret.dtype.type(ret / rcount)
Val accuracy 0.7544910179640718
0
1
2
3
4
5
6
7
8
9
10
11
12
13
14
15
16
17
18
19
20
21
22
23
24
25
26
27
28
29
30
31
32
33
34
35
36
37
38
39
40
41
42
43
44
45
46
47
48
49
50
51
52
53
54
55
56
57
58
59
60
61
62
63
64
65
66
67
68
69
70
71
72
73
74
75
76
77
78
79
80
81
82
83
84
85
86
87
88
89
90
91
92
93
94
95
96
97
98
99
100
101
102
103
104
105
106
107
108
109
110
111
112
113
114
115
116
117
118
119
120
121
122
123
124
125
126
127
128
129
130
131
132
133
134
135
136
137
138
139
140
141
142
143
144
145
146
147
148
149
150
151
152
153
154
155
156
157
158
159
160
161
162
163
164
165
166
167
168
169
170
171
172
173
174
175
176
177
178
179
180
181
182
183
184
185
186
187
188
189
190
191
192
193
194
195
196
197
198
199
200
201
202
203
204
205
206
207
208
209
210
211
212
213
214
215
216
217
218
219
220
221
222
223
224
225
226
227
228
229
230
231
232
233
234
235
236
237
238
239
240
241
242
243
244
245
246
247
248
249
250
251
252
253
254
255
256
257
258
259
260
261
262
263
264
265
266
267
268
269
270
271
272
273
274
275
276
277
278
279
280
281
282
283
284
285
286
287
288
289
290
291
292
293
294
295
296
297
298
299
300
301
302
303
304
305
306
307
308
309
310
311
312
313
314
315
316
317
318
319
320
321
322
323
324
325
326
327
328
329
330
331
332
333
334
335
336
337
338
339
340
341
342
343
344
345
346
347
348
349
350
351
352
353
354
355
356
357
358
359
360
361
362
363
364
365
366
367
368
369
370
371
372
373
374
375
376
377
378
379
380
381
382
383
384
385
386
387
388
389
390
391
392
393
394
395
396
397
398
399
400
401
402
403
404
405
406
407
408
409
410
411
412
413
414
415
416
417
418
419
420
421
422
423
424
425
426
427
428
429
430
431
432
433
434
435
436
437
438
439
440
441
442
443
444
445
446
447
448
449
450
451
452
453
454
455
456
457
458
459
460
461
462
463
464
465
466
467
468
469
470
471
472
473
474
475
476
477
478
479
480
481
482
483
484
485
486
487
488
489
490
491
492
493
494
495
496
497
498
499
------------------------
Prediction: negative
Anchor: no AND no
Precision: 0.98
Coverage: 0.00
Anchor test precision: 0.56
Anchor test coverage: 0.25
Anchor test REAL precision: 0.56
------------------------
Prediction: positive
Anchor: no
Precision: 0.99
Coverage: 0.00
Anchor test precision: 0.44
Anchor test coverage: 0.25
Anchor test REAL precision: 0.44
------------------------
Prediction: negative
Anchor: so
Precision: 0.97
Coverage: 0.00
Anchor test precision: 0.55
Anchor test coverage: 0.23
Anchor test REAL precision: 0.53
------------------------
Prediction: positive
Anchor: do
Precision: 0.96
Coverage: 0.00
Anchor test precision: 0.45
Anchor test coverage: 0.16
Anchor test REAL precision: 0.46
------------------------
Prediction: negative
Anchor: ill
Precision: 1.00
Coverage: 0.00
Anchor test precision: 0.47
Anchor test coverage: 0.12
Anchor test REAL precision: 0.47
------------------------
Prediction: positive
Anchor: so AND -
Precision: 0.96
Coverage: 0.00
Anchor test precision: 0.37
Anchor test coverage: 0.07
Anchor test REAL precision: 0.43
------------------------
Prediction: negative
Anchor: fun
Precision: 0.97
Coverage: 0.00
Anchor test precision: 0.35
Anchor test coverage: 0.05
Anchor test REAL precision: 0.44
------------------------
Prediction: negative
Anchor: off
Precision: 0.98
Coverage: 0.00
Anchor test precision: 0.59
Anchor test coverage: 0.04
Anchor test REAL precision: 0.49
------------------------
Prediction: negative
Anchor: too
Precision: 1.00
Coverage: 0.00
Anchor test precision: 0.84
Anchor test coverage: 0.04
Anchor test REAL precision: 0.78
------------------------
Prediction: negative
Anchor: fun AND and
Precision: 0.95
Coverage: 0.00
Anchor test precision: 0.29
Anchor test coverage: 0.03
Anchor test REAL precision: 0.40
Traceback (most recent call last):
  File "text_experiment.py", line 167, in <module>
    test_precisions = [np.mean(predict_lr(test[exp.fit_examples]) == predict_lr([test[exp.index]])[0]) 
  File "text_experiment.py", line 167, in <listcomp>
    test_precisions = [np.mean(predict_lr(test[exp.fit_examples]) == predict_lr([test[exp.index]])[0]) 
  File "text_experiment.py", line 86, in predict_lr
    return c.predict(vectorizer.transform(texts))
  File "/home/almr16/miniconda3/envs/cs236781-hw/lib/python3.8/site-packages/sklearn/linear_model/_base.py", line 309, in predict
    scores = self.decision_function(X)
  File "/home/almr16/miniconda3/envs/cs236781-hw/lib/python3.8/site-packages/sklearn/linear_model/_base.py", line 284, in decision_function
    X = check_array(X, accept_sparse='csr')
  File "/home/almr16/miniconda3/envs/cs236781-hw/lib/python3.8/site-packages/sklearn/utils/validation.py", line 63, in inner_f
    return f(*args, **kwargs)
  File "/home/almr16/miniconda3/envs/cs236781-hw/lib/python3.8/site-packages/sklearn/utils/validation.py", line 726, in check_array
    raise ValueError("Found array with %d sample(s) (shape=%s) while a"
ValueError: Found array with 0 sample(s) (shape=(0, 15143)) while a minimum of 1 is required.
